TypeError,Cannot read property 'port' of undefined,TypeError: Cannot read property 'port' of undefined
    at Object.<anonymous> (/Users/wangfanghua618/Documents/Projects/koaDemo/index.js:24:32)
    at Module._compile (module.js:652:30)
    at Object.Module._extensions..js (module.js:663:10)
    at Module.load (module.js:565:32)
    at tryModuleLoad (module.js:505:12)
    at Function.Module._load (module.js:497:3)
    at Function.Module.runMain (module.js:693:10)
    at startup (bootstrap_node.js:191:16)
    at bootstrap_node.js:612:3,Mon Sep 24 2018 15:44:10 GMT+0800 (CST)TypeError,Cannot read property 'port' of undefined,TypeError: Cannot read property 'port' of undefined
    at Object.<anonymous> (/Users/wangfanghua618/Documents/Projects/koaDemo/index.js:24:32)
    at Module._compile (module.js:652:30)
    at Object.Module._extensions..js (module.js:663:10)
    at Module.load (module.js:565:32)
    at tryModuleLoad (module.js:505:12)
    at Function.Module._load (module.js:497:3)
    at Function.Module.runMain (module.js:693:10)
    at startup (bootstrap_node.js:191:16)
    at bootstrap_node.js:612:3,Mon Sep 24 2018 15:47:21 GMT+0800 (CST)TypeError,Cannot read property 'port' of undefined,TypeError: Cannot read property 'port' of undefined
    at Object.<anonymous> (/Users/wangfanghua618/Documents/Projects/koaDemo/index.js:24:32)
    at Module._compile (module.js:652:30)
    at Object.Module._extensions..js (module.js:663:10)
    at Module.load (module.js:565:32)
    at tryModuleLoad (module.js:505:12)
    at Function.Module._load (module.js:497:3)
    at Function.Module.runMain (module.js:693:10)
    at startup (bootstrap_node.js:191:16)
    at bootstrap_node.js:612:3,Mon Sep 24 2018 15:47:32 GMT+0800 (CST)